<?xml version="1.0" encoding="UTF-8"?>
<!-- Generated by org.testng.reporters.JUnitReportReporter -->
<testsuite hostname="Abdul-PC" name="Test1" tests="1" failures="0" timestamp="27 Nov 2015 06:19:18 GMT" time="0.020" errors="0">
  <testcase name="Test1" time="0.020" classname="Test1"/>
</testsuite> <!-- Test1 -->
