<?xml version="1.0" encoding="UTF-8"?>
<!-- Generated by org.testng.reporters.JUnitReportReporter -->
<testsuite hostname="Abdul-PC" name="Facebook" tests="1" failures="0" timestamp="24 Nov 2015 12:27:07 GMT" time="455.757" errors="0">
  <testcase name="FB" time="455.757" classname="Facebook"/>
</testsuite> <!-- Facebook -->
